# JRE version: OpenJDK Runtime Environment Corretto-17.0.11.9.1 (17.0.11+9) (build 17.0.11+9-LTS)
# Java VM: OpenJDK 64-Bit Server VM Corretto-17.0.11.9.1 (17.0.11+9-LTS, mixed mode, sharing, tiered, compressed oops, compressed class ptrs, g1 gc, windows-amd64)
GC Precious Log:
 CPUs: 8 total, 8 available
 Memory: 7901M
 Large Page Support: Disabled
 NUMA Support: Disabled
 Compressed Oops: Enabled (32-bit)
 Heap Region Size: 1M
 Heap Min Capacity: 256M
 Heap Initial Capacity: 256M
 Heap Max Capacity: 512M
 Pre-touch: Disabled
 Parallel Workers: 8
 Concurrent Workers: 2
 Concurrent Refinement Workers: 8
 Periodic GC: Disabled
Heap:
 garbage-first heap   total 262144K, used 176932K [0x00000000e0000000, 0x0000000100000000)
  region size 1024K, 142 young (145408K), 9 survivors (9216K)
 Metaspace       used 54337K, committed 54912K, reserved 393216K
  class space    used 7653K, committed 7936K, reserved 327680K
GC Heap History (16 events):
Event: 1.971 GC heap before
{Heap before GC invocations=0 (full 0):
 garbage-first heap   total 262144K, used 26624K [0x00000000e0000000, 0x0000000100000000)
  region size 1024K, 23 young (23552K), 0 survivors (0K)
 Metaspace       used 1987K, committed 2176K, reserved 393216K
  class space    used 206K, committed 320K, reserved 327680K
}
Event: 2.014 GC heap after
{Heap after GC invocations=1 (full 0):
 garbage-first heap   total 262144K, used 11051K [0x00000000e0000000, 0x0000000100000000)
  region size 1024K, 3 young (3072K), 3 survivors (3072K)
 Metaspace       used 1987K, committed 2176K, reserved 393216K
  class space    used 206K, committed 320K, reserved 327680K
}
Event: 3.994 GC heap before
{Heap before GC invocations=1 (full 0):
 garbage-first heap   total 262144K, used 36651K [0x00000000e0000000, 0x0000000100000000)
  region size 1024K, 28 young (28672K), 3 survivors (3072K)
 Metaspace       used 4079K, committed 4288K, reserved 393216K
  class space    used 507K, committed 640K, reserved 327680K
}
Event: 3.999 GC heap after
{Heap after GC invocations=2 (full 0):
 garbage-first heap   total 262144K, used 12303K [0x00000000e0000000, 0x0000000100000000)
  region size 1024K, 2 young (2048K), 2 survivors (2048K)
 Metaspace       used 4079K, committed 4288K, reserved 393216K
  class space    used 507K, committed 640K, reserved 327680K
}
Event: 10.225 GC heap before
{Heap before GC invocations=2 (full 0):
 garbage-first heap   total 262144K, used 130063K [0x00000000e0000000, 0x0000000100000000)
  region size 1024K, 115 young (117760K), 2 survivors (2048K)
 Metaspace       used 19049K, committed 19392K, reserved 393216K
  class space    used 2767K, committed 2944K, reserved 327680K
}
Event: 10.243 GC heap after
{Heap after GC invocations=3 (full 0):
 garbage-first heap   total 262144K, used 23148K [0x00000000e0000000, 0x0000000100000000)
  region size 1024K, 11 young (11264K), 11 survivors (11264K)
 Metaspace       used 19049K, committed 19392K, reserved 393216K
  class space    used 2767K, committed 2944K, reserved 327680K
}
Event: 10.966 GC heap before
{Heap before GC invocations=3 (full 0):
 garbage-first heap   total 262144K, used 39532K [0x00000000e0000000, 0x0000000100000000)
  region size 1024K, 28 young (28672K), 11 survivors (11264K)
 Metaspace       used 21150K, committed 21504K, reserved 393216K
  class space    used 3117K, committed 3328K, reserved 327680K
}
Event: 10.976 GC heap after
{Heap after GC invocations=4 (full 0):
 garbage-first heap   total 262144K, used 24624K [0x00000000e0000000, 0x0000000100000000)
  region size 1024K, 12 young (12288K), 12 survivors (12288K)
 Metaspace       used 21150K, committed 21504K, reserved 393216K
  class space    used 3117K, committed 3328K, reserved 327680K
}
Event: 15.097 GC heap before
{Heap before GC invocations=5 (full 0):
 garbage-first heap   total 262144K, used 146480K [0x00000000e0000000, 0x0000000100000000)
  region size 1024K, 128 young (131072K), 12 survivors (12288K)
 Metaspace       used 35638K, committed 35968K, reserved 393216K
  class space    used 4956K, committed 5120K, reserved 327680K
}
Event: 15.120 GC heap after
{Heap after GC invocations=6 (full 0):
 garbage-first heap   total 262144K, used 33669K [0x00000000e0000000, 0x0000000100000000)
  region size 1024K, 11 young (11264K), 11 survivors (11264K)
 Metaspace       used 35638K, committed 35968K, reserved 393216K
  class space    used 4956K, committed 5120K, reserved 327680K
}
Event: 15.164 GC heap before
{Heap before GC invocations=6 (full 0):
 garbage-first heap   total 262144K, used 33669K [0x00000000e0000000, 0x0000000100000000)
  region size 1024K, 12 young (12288K), 11 survivors (11264K)
 Metaspace       used 35750K, committed 36160K, reserved 393216K
  class space    used 4979K, committed 5184K, reserved 327680K
}
Event: 15.175 GC heap after
{Heap after GC invocations=7 (full 0):
 garbage-first heap   total 262144K, used 34175K [0x00000000e0000000, 0x0000000100000000)
  region size 1024K, 2 young (2048K), 2 survivors (2048K)
 Metaspace       used 35750K, committed 36160K, reserved 393216K
  class space    used 4979K, committed 5184K, reserved 327680K
}
Event: 15.266 GC heap before
{Heap before GC invocations=7 (full 0):
 garbage-first heap   total 262144K, used 35199K [0x00000000e0000000, 0x0000000100000000)
  region size 1024K, 4 young (4096K), 2 survivors (2048K)
 Metaspace       used 35953K, committed 36288K, reserved 393216K
  class space    used 5014K, committed 5184K, reserved 327680K
}
Event: 15.268 GC heap after
{Heap after GC invocations=8 (full 0):
 garbage-first heap   total 262144K, used 33103K [0x00000000e0000000, 0x0000000100000000)
  region size 1024K, 1 young (1024K), 1 survivors (1024K)
 Metaspace       used 35953K, committed 36288K, reserved 393216K
  class space    used 5014K, committed 5184K, reserved 327680K
}
Event: 21.659 GC heap before
{Heap before GC invocations=9 (full 0):
 garbage-first heap   total 262144K, used 189775K [0x00000000e0000000, 0x0000000100000000)
  region size 1024K, 153 young (156672K), 1 survivors (1024K)
 Metaspace       used 48696K, committed 49216K, reserved 393216K
  class space    used 6931K, committed 7168K, reserved 327680K
}
Event: 21.675 GC heap after
{Heap after GC invocations=10 (full 0):
 garbage-first heap   total 262144K, used 41764K [0x00000000e0000000, 0x0000000100000000)
  region size 1024K, 9 young (9216K), 9 survivors (9216K)
 Metaspace       used 48696K, committed 49216K, reserved 393216K
  class space    used 6931K, committed 7168K, reserved 327680K
}

